<?xml version="1.0" encoding="utf-8"?><testsuites name="pytest tests"><testsuite name="pytest" errors="0" failures="0" skipped="0" tests="13" time="1.764" timestamp="2026-04-13T04:08:13.490911+00:00" hostname="agent-env-391599d9-f960-4f1a-8326-21b95dcbad99"><testcase classname="backend.tests.test_new_features.TestAnalytics" name="test_analytics_total_revenue" time="0.399" /><testcase classname="backend.tests.test_new_features.TestAnalytics" name="test_analytics_total_bookings" time="0.047" /><testcase classname="backend.tests.test_new_features.TestAnalytics" name="test_analytics_monthly_revenue" time="0.045" /><testcase classname="backend.tests.test_new_features.TestOwnerBookings" name="test_bookings_count_at_least_20" time="0.055" /><testcase classname="backend.tests.test_new_features.TestOwnerBookings" name="test_bookings_have_required_fields" time="0.049" /><testcase classname="backend.tests.test_new_features.TestMultiTurf" name="test_owner_has_multiple_turfs" time="0.046" /><testcase classname="backend.tests.test_new_features.TestMultiTurf" name="test_pending_turf_has_pending_status" time="0.160" /><testcase classname="backend.tests.test_new_features.TestMultiTurf" name="test_add_new_turf" time="0.050" /><testcase classname="backend.tests.test_new_features.TestAdminPendingTurfs" name="test_get_pending_turf_listings" time="0.136" /><testcase classname="backend.tests.test_new_features.TestAdminPendingTurfs" name="test_approve_pending_turf" time="0.104" /><testcase classname="backend.tests.test_new_features.TestAdminPendingTurfs" name="test_reject_turf_listing" time="0.103" /><testcase classname="backend.tests.test_new_features.TestPlayerReviews" name="test_submit_review" time="0.383" /><testcase classname="backend.tests.test_new_features.TestPlayerReviews" name="test_get_reviews" time="0.106" /></testsuite></testsuites>