<?xml version="1.0" encoding="utf-8"?><testsuites name="pytest tests"><testsuite name="pytest" errors="0" failures="0" skipped="0" tests="11" time="1.702" timestamp="2026-04-12T06:00:43.725336+00:00" hostname="agent-env-391599d9-f960-4f1a-8326-21b95dcbad99"><testcase classname="backend.tests.test_owner_features.TestAuth" name="test_owner_login" time="0.388" /><testcase classname="backend.tests.test_owner_features.TestAuth" name="test_player_login" time="0.332" /><testcase classname="backend.tests.test_owner_features.TestOwnerTurfs" name="test_get_owner_turfs" time="0.392" /><testcase classname="backend.tests.test_owner_features.TestOwnerTurfs" name="test_turf_has_required_fields" time="0.048" /><testcase classname="backend.tests.test_owner_features.TestOwnerAnalytics" name="test_get_analytics" time="0.047" /><testcase classname="backend.tests.test_owner_features.TestOwnerAnalytics" name="test_monthly_revenue_has_6_months" time="0.084" /><testcase classname="backend.tests.test_owner_features.TestEditTurfProfile" name="test_patch_turf_price" time="0.048" /><testcase classname="backend.tests.test_owner_features.TestEditTurfProfile" name="test_patch_turf_operating_hours" time="0.054" /><testcase classname="backend.tests.test_owner_features.TestEditTurfProfile" name="test_patch_price_too_low" time="0.048" /><testcase classname="backend.tests.test_owner_features.TestOwnerBookings" name="test_get_owner_bookings" time="0.093" /><testcase classname="backend.tests.test_owner_features.TestOwnerReviews" name="test_get_owner_reviews" time="0.095" /></testsuite></testsuites>